<?xml version="1.0" encoding="UTF-8"?>
<!-- Generated by org.testng.reporters.JUnitXMLReporter -->
<testsuite ignored="4" hostname="Ideas2IT" failures="0" tests="3" name="chrome" time="37.624" errors="0" timestamp="2023-11-06T22:16:10 IST">
  <testcase classname="com.pos.testcases.CreateNewVendor" name="runLogin" time="29.596"/>
  <testcase classname="com.pos.testcases.CreateNewProduct" name="runLogin" time="28.619"/>
  <testcase classname="com.pos.testcases.CreateNewCutomer" name="runLogin" time="29.919"/>
  <testcase classname="com.framework.utils.Reporter" name="@BeforeSuite startReport" time="0.0">
    <ignored/>
  </testcase> <!-- @BeforeSuite startReport -->
  <testcase classname="com.framework.utils.Reporter" name="@BeforeSuite startReport" time="0.0">
    <ignored/>
  </testcase> <!-- @BeforeSuite startReport -->
  <testcase classname="com.framework.utils.Reporter" name="@AfterSuite endResult" time="0.0">
    <ignored/>
  </testcase> <!-- @AfterSuite endResult -->
  <testcase classname="com.framework.utils.Reporter" name="@AfterSuite endResult" time="0.0">
    <ignored/>
  </testcase> <!-- @AfterSuite endResult -->
</testsuite> <!-- chrome -->
