<?xml version="1.0" encoding="UTF-8"?>
<testng-results ignored="4" total="7" passed="3" failed="0" skipped="0">
  <reporter-output>
  </reporter-output>
  <suite started-at="2023-11-06T22:15:33 IST" name="Suite" finished-at="2023-11-06T22:16:10 IST" duration-ms="37624">
    <groups>
    </groups>
    <test started-at="2023-11-06T22:15:33 IST" name="chrome" finished-at="2023-11-06T22:16:10 IST" duration-ms="37624">
      <class name="com.pos.testcases.CreateNewProduct">
        <test-method is-config="true" signature="setValues()[pri:0, instance:com.pos.testcases.CreateNewProduct@1cf6d1be]" started-at="2023-11-06T22:15:33 IST" name="setValues" finished-at="2023-11-06T22:15:33 IST" duration-ms="0" status="PASS">
          <reporter-output>
          </reporter-output>
        </test-method> <!-- setValues -->
        <test-method is-config="true" signature="startTestCase()[pri:0, instance:com.pos.testcases.CreateNewProduct@1cf6d1be]" started-at="2023-11-06T22:15:33 IST" name="startTestCase" finished-at="2023-11-06T22:15:33 IST" duration-ms="10" status="PASS">
          <reporter-output>
          </reporter-output>
        </test-method> <!-- startTestCase -->
        <test-method is-config="true" signature="preCondition(java.lang.String)[pri:0, instance:com.pos.testcases.CreateNewProduct@1cf6d1be]" started-at="2023-11-06T22:15:34 IST" name="preCondition" finished-at="2023-11-06T22:15:41 IST" duration-ms="7282" status="PASS">
          <params>
            <param index="0">
              <value>
                <![CDATA[chrome]]>
              </value>
            </param>
          </params>
          <reporter-output>
          </reporter-output>
        </test-method> <!-- preCondition -->
        <test-method signature="runLogin(java.lang.String,java.lang.String,java.lang.String,java.lang.String,java.lang.String)[pri:0, instance:com.pos.testcases.CreateNewProduct@1cf6d1be]" started-at="2023-11-06T22:15:41 IST" name="runLogin" data-provider="fetchData" finished-at="2023-11-06T22:16:10 IST" duration-ms="28619" status="PASS">
          <params>
            <param index="0">
              <value>
                <![CDATA[8526544557]]>
              </value>
            </param>
            <param index="1">
              <value>
                <![CDATA[Playwright]]>
              </value>
            </param>
            <param index="2">
              <value>
                <![CDATA[Training]]>
              </value>
            </param>
            <param index="3">
              <value>
                <![CDATA[10000]]>
              </value>
            </param>
            <param index="4">
              <value>
                <![CDATA[5000]]>
              </value>
            </param>
          </params>
          <reporter-output>
          </reporter-output>
        </test-method> <!-- runLogin -->
        <test-method is-config="true" signature="postCondition()[pri:0, instance:com.pos.testcases.CreateNewProduct@1cf6d1be]" started-at="2023-11-06T22:16:10 IST" name="postCondition" finished-at="2023-11-06T22:16:10 IST" duration-ms="383" status="PASS">
          <reporter-output>
          </reporter-output>
        </test-method> <!-- postCondition -->
      </class> <!-- com.pos.testcases.CreateNewProduct -->
      <class name="com.pos.testcases.CreateNewCutomer">
        <test-method is-config="true" signature="setValues()[pri:0, instance:com.pos.testcases.CreateNewCutomer@663c9e7a]" started-at="2023-11-06T22:15:33 IST" name="setValues" finished-at="2023-11-06T22:15:33 IST" duration-ms="1" status="PASS">
          <reporter-output>
          </reporter-output>
        </test-method> <!-- setValues -->
        <test-method is-config="true" signature="startTestCase()[pri:0, instance:com.pos.testcases.CreateNewCutomer@663c9e7a]" started-at="2023-11-06T22:15:33 IST" name="startTestCase" finished-at="2023-11-06T22:15:33 IST" duration-ms="10" status="PASS">
          <reporter-output>
          </reporter-output>
        </test-method> <!-- startTestCase -->
        <test-method is-config="true" signature="preCondition(java.lang.String)[pri:0, instance:com.pos.testcases.CreateNewCutomer@663c9e7a]" started-at="2023-11-06T22:15:34 IST" name="preCondition" finished-at="2023-11-06T22:15:40 IST" duration-ms="6364" status="PASS">
          <params>
            <param index="0">
              <value>
                <![CDATA[chrome]]>
              </value>
            </param>
          </params>
          <reporter-output>
          </reporter-output>
        </test-method> <!-- preCondition -->
        <test-method signature="runLogin(java.lang.String,java.lang.String,java.lang.String,java.lang.String,java.lang.String,java.lang.String)[pri:0, instance:com.pos.testcases.CreateNewCutomer@663c9e7a]" started-at="2023-11-06T22:15:40 IST" name="runLogin" data-provider="fetchData" finished-at="2023-11-06T22:16:10 IST" duration-ms="29919" status="PASS">
          <params>
            <param index="0">
              <value>
                <![CDATA[9976749433]]>
              </value>
            </param>
            <param index="1">
              <value>
                <![CDATA[Aravind]]>
              </value>
            </param>
            <param index="2">
              <value>
                <![CDATA[Selenium]]>
              </value>
            </param>
            <param index="3">
              <value>
                <![CDATA[Chennai]]>
              </value>
            </param>
            <param index="4">
              <value>
                <![CDATA[9976749433]]>
              </value>
            </param>
            <param index="5">
              <value>
                <![CDATA[aravind@gmail.com]]>
              </value>
            </param>
          </params>
          <reporter-output>
          </reporter-output>
        </test-method> <!-- runLogin -->
        <test-method is-config="true" signature="postCondition()[pri:0, instance:com.pos.testcases.CreateNewCutomer@663c9e7a]" started-at="2023-11-06T22:16:10 IST" name="postCondition" finished-at="2023-11-06T22:16:10 IST" duration-ms="128" status="PASS">
          <reporter-output>
          </reporter-output>
        </test-method> <!-- postCondition -->
      </class> <!-- com.pos.testcases.CreateNewCutomer -->
      <class name="com.pos.testcases.CreateNewVendor">
        <test-method is-config="true" signature="startReport()[pri:0, instance:com.pos.testcases.CreateNewVendor@235ecd9f]" started-at="2023-11-06T22:15:32 IST" name="startReport" finished-at="2023-11-06T22:15:33 IST" duration-ms="198" status="PASS">
          <reporter-output>
          </reporter-output>
        </test-method> <!-- startReport -->
        <test-method is-config="true" signature="setValues()[pri:0, instance:com.pos.testcases.CreateNewVendor@235ecd9f]" started-at="2023-11-06T22:15:33 IST" name="setValues" finished-at="2023-11-06T22:15:33 IST" duration-ms="2" status="PASS">
          <reporter-output>
          </reporter-output>
        </test-method> <!-- setValues -->
        <test-method is-config="true" signature="startTestCase()[pri:0, instance:com.pos.testcases.CreateNewVendor@235ecd9f]" started-at="2023-11-06T22:15:33 IST" name="startTestCase" finished-at="2023-11-06T22:15:33 IST" duration-ms="10" status="PASS">
          <reporter-output>
          </reporter-output>
        </test-method> <!-- startTestCase -->
        <test-method is-config="true" signature="preCondition(java.lang.String)[pri:0, instance:com.pos.testcases.CreateNewVendor@235ecd9f]" started-at="2023-11-06T22:15:34 IST" name="preCondition" finished-at="2023-11-06T22:15:40 IST" duration-ms="5985" status="PASS">
          <params>
            <param index="0">
              <value>
                <![CDATA[chrome]]>
              </value>
            </param>
          </params>
          <reporter-output>
          </reporter-output>
        </test-method> <!-- preCondition -->
        <test-method signature="runLogin(java.lang.String,java.lang.String,java.lang.String,java.lang.String,java.lang.String,java.lang.String)[pri:0, instance:com.pos.testcases.CreateNewVendor@235ecd9f]" started-at="2023-11-06T22:15:40 IST" name="runLogin" data-provider="fetchData" finished-at="2023-11-06T22:16:09 IST" duration-ms="29596" status="PASS">
          <params>
            <param index="0">
              <value>
                <![CDATA[8220316109]]>
              </value>
            </param>
            <param index="1">
              <value>
                <![CDATA[Vinoth]]>
              </value>
            </param>
            <param index="2">
              <value>
                <![CDATA[Selenium]]>
              </value>
            </param>
            <param index="3">
              <value>
                <![CDATA[Chennai]]>
              </value>
            </param>
            <param index="4">
              <value>
                <![CDATA[8220316109]]>
              </value>
            </param>
            <param index="5">
              <value>
                <![CDATA[vinod@gmail.com]]>
              </value>
            </param>
          </params>
          <reporter-output>
          </reporter-output>
        </test-method> <!-- runLogin -->
        <test-method is-config="true" signature="postCondition()[pri:0, instance:com.pos.testcases.CreateNewVendor@235ecd9f]" started-at="2023-11-06T22:16:09 IST" name="postCondition" finished-at="2023-11-06T22:16:10 IST" duration-ms="700" status="PASS">
          <reporter-output>
          </reporter-output>
        </test-method> <!-- postCondition -->
        <test-method is-config="true" signature="endResult()[pri:0, instance:com.pos.testcases.CreateNewVendor@235ecd9f]" started-at="2023-11-06T22:16:10 IST" name="endResult" finished-at="2023-11-06T22:16:11 IST" duration-ms="348" status="PASS">
          <reporter-output>
          </reporter-output>
        </test-method> <!-- endResult -->
      </class> <!-- com.pos.testcases.CreateNewVendor -->
    </test> <!-- chrome -->
  </suite> <!-- Suite -->
</testng-results>
